<?xml version="1.0" encoding="UTF-8"?>
<testng-results ignored="0" total="3" passed="3" failed="0" skipped="0">
  <reporter-output>
  </reporter-output>
  <suite started-at="2023-12-27T22:40:02 IST" name="Loan Department" finished-at="2023-12-27T22:40:02 IST" duration-ms="123">
    <groups>
      <group name="smoke">
        <method signature="day2.ploan()[pri:0, instance:test.day2@2e385cce]" name="ploan" class="test.day2"/>
        <method signature="day3.MobileLoginCarLoan()[pri:0, instance:test.day3@2ddc9a9f]" name="MobileLoginCarLoan" class="test.day3"/>
        <method signature="day4.MobileLoginHomeLoan()[pri:0, instance:test.day4@298a5e20]" name="MobileLoginHomeLoan" class="test.day4"/>
      </group> <!-- smoke -->
    </groups>
    <test started-at="2023-12-27T22:40:02 IST" name="Smoke" finished-at="2023-12-27T22:40:02 IST" duration-ms="123">
      <class name="test.day4">
        <test-method signature="MobileLoginHomeLoan()[pri:0, instance:test.day4@298a5e20]" started-at="2023-12-27T22:40:02 IST" name="MobileLoginHomeLoan" finished-at="2023-12-27T22:40:02 IST" duration-ms="4" status="PASS">
          <reporter-output>
          </reporter-output>
        </test-method> <!-- MobileLoginHomeLoan -->
      </class> <!-- test.day4 -->
      <class name="test.day2">
        <test-method signature="ploan()[pri:0, instance:test.day2@2e385cce]" started-at="2023-12-27T22:40:02 IST" name="ploan" finished-at="2023-12-27T22:40:02 IST" duration-ms="15" status="PASS">
          <reporter-output>
          </reporter-output>
        </test-method> <!-- ploan -->
      </class> <!-- test.day2 -->
      <class name="test.day3">
        <test-method signature="MobileLoginCarLoan()[pri:0, instance:test.day3@2ddc9a9f]" started-at="2023-12-27T22:40:02 IST" name="MobileLoginCarLoan" finished-at="2023-12-27T22:40:02 IST" duration-ms="2" status="PASS">
          <reporter-output>
          </reporter-output>
        </test-method> <!-- MobileLoginCarLoan -->
      </class> <!-- test.day3 -->
    </test> <!-- Smoke -->
  </suite> <!-- Loan Department -->
</testng-results>
