<?xml version="1.0" encoding="UTF-8"?>
<testng-results ignored="0" total="4" passed="4" failed="0" skipped="0">
  <reporter-output>
  </reporter-output>
  <suite started-at="2023-12-28T00:09:29 IST" name="Default suite" finished-at="2023-12-28T00:09:29 IST" duration-ms="120">
    <groups>
      <group name="smoke">
        <method signature="day3.MobileLoginCarLoan()[pri:0, instance:test.day3@2ddc9a9f]" name="MobileLoginCarLoan" class="test.day3"/>
      </group> <!-- smoke -->
    </groups>
    <test started-at="2023-12-28T00:09:29 IST" name="Default test" finished-at="2023-12-28T00:09:29 IST" duration-ms="120">
      <class name="test.day3">
        <test-method is-config="true" signature="BeforSuite()[pri:0, instance:test.day3@2ddc9a9f]" started-at="2023-12-28T00:09:29 IST" name="BeforSuite" finished-at="2023-12-28T00:09:29 IST" duration-ms="16" status="PASS">
          <reporter-output>
          </reporter-output>
        </test-method> <!-- BeforSuite -->
        <test-method is-config="true" signature="beforeClass()[pri:0, instance:test.day3@2ddc9a9f]" started-at="2023-12-28T00:09:29 IST" name="beforeClass" finished-at="2023-12-28T00:09:29 IST" duration-ms="0" status="PASS">
          <reporter-output>
          </reporter-output>
        </test-method> <!-- beforeClass -->
        <test-method is-config="true" signature="beforeEveryMethod()[pri:0, instance:test.day3@2ddc9a9f]" started-at="2023-12-28T00:09:29 IST" name="beforeEveryMethod" finished-at="2023-12-28T00:09:29 IST" duration-ms="1" status="PASS">
          <reporter-output>
          </reporter-output>
        </test-method> <!-- beforeEveryMethod -->
        <test-method signature="MobileSignoutCarLoan()[pri:0, instance:test.day3@2ddc9a9f]" started-at="2023-12-28T00:09:29 IST" name="MobileSignoutCarLoan" finished-at="2023-12-28T00:09:29 IST" duration-ms="16" status="PASS">
          <reporter-output>
          </reporter-output>
        </test-method> <!-- MobileSignoutCarLoan -->
        <test-method is-config="true" signature="aftereveryMethod()[pri:0, instance:test.day3@2ddc9a9f]" started-at="2023-12-28T00:09:29 IST" name="aftereveryMethod" finished-at="2023-12-28T00:09:29 IST" duration-ms="1" status="PASS">
          <reporter-output>
          </reporter-output>
        </test-method> <!-- aftereveryMethod -->
        <test-method is-config="true" signature="beforeEveryMethod()[pri:0, instance:test.day3@2ddc9a9f]" started-at="2023-12-28T00:09:29 IST" name="beforeEveryMethod" finished-at="2023-12-28T00:09:29 IST" duration-ms="1" status="PASS">
          <reporter-output>
          </reporter-output>
        </test-method> <!-- beforeEveryMethod -->
        <test-method signature="WebLoginCarLoan()[pri:0, instance:test.day3@2ddc9a9f]" started-at="2023-12-28T00:09:29 IST" name="WebLoginCarLoan" finished-at="2023-12-28T00:09:29 IST" duration-ms="9" status="PASS">
          <reporter-output>
          </reporter-output>
        </test-method> <!-- WebLoginCarLoan -->
        <test-method is-config="true" signature="aftereveryMethod()[pri:0, instance:test.day3@2ddc9a9f]" started-at="2023-12-28T00:09:29 IST" name="aftereveryMethod" finished-at="2023-12-28T00:09:29 IST" duration-ms="1" status="PASS">
          <reporter-output>
          </reporter-output>
        </test-method> <!-- aftereveryMethod -->
        <test-method signature="MobileLoginCarLoan()[pri:0, instance:test.day3@2ddc9a9f]" started-at="2023-12-28T00:09:29 IST" name="MobileLoginCarLoan" finished-at="2023-12-28T00:09:29 IST" duration-ms="3" status="PASS">
          <reporter-output>
          </reporter-output>
        </test-method> <!-- MobileLoginCarLoan -->
        <test-method is-config="true" signature="beforeEveryMethod()[pri:0, instance:test.day3@2ddc9a9f]" started-at="2023-12-28T00:09:29 IST" name="beforeEveryMethod" finished-at="2023-12-28T00:09:29 IST" duration-ms="0" status="PASS">
          <reporter-output>
          </reporter-output>
        </test-method> <!-- beforeEveryMethod -->
        <test-method is-config="true" signature="aftereveryMethod()[pri:0, instance:test.day3@2ddc9a9f]" started-at="2023-12-28T00:09:29 IST" name="aftereveryMethod" finished-at="2023-12-28T00:09:29 IST" duration-ms="1" status="PASS">
          <reporter-output>
          </reporter-output>
        </test-method> <!-- aftereveryMethod -->
        <test-method signature="APICarLoan()[pri:0, instance:test.day3@2ddc9a9f]" started-at="2023-12-28T00:09:29 IST" name="APICarLoan" finished-at="2023-12-28T00:09:29 IST" depends-on-methods="test.day3.WebLoginCarLoan, test.day3.MobileSignoutCarLoan" duration-ms="3" status="PASS">
          <reporter-output>
          </reporter-output>
        </test-method> <!-- APICarLoan -->
        <test-method is-config="true" signature="beforeEveryMethod()[pri:0, instance:test.day3@2ddc9a9f]" started-at="2023-12-28T00:09:29 IST" name="beforeEveryMethod" finished-at="2023-12-28T00:09:29 IST" duration-ms="0" status="PASS">
          <reporter-output>
          </reporter-output>
        </test-method> <!-- beforeEveryMethod -->
        <test-method is-config="true" signature="aftereveryMethod()[pri:0, instance:test.day3@2ddc9a9f]" started-at="2023-12-28T00:09:29 IST" name="aftereveryMethod" finished-at="2023-12-28T00:09:29 IST" duration-ms="1" status="PASS">
          <reporter-output>
          </reporter-output>
        </test-method> <!-- aftereveryMethod -->
        <test-method is-config="true" signature="afterClass()[pri:0, instance:test.day3@2ddc9a9f]" started-at="2023-12-28T00:09:29 IST" name="afterClass" finished-at="2023-12-28T00:09:29 IST" duration-ms="4" status="PASS">
          <reporter-output>
          </reporter-output>
        </test-method> <!-- afterClass -->
      </class> <!-- test.day3 -->
    </test> <!-- Default test -->
  </suite> <!-- Default suite -->
</testng-results>
