<?xml version="1.0" encoding="UTF-8"?>
<testng-results ignored="0" total="10" passed="10" failed="0" skipped="0">
  <reporter-output>
  </reporter-output>
  <suite started-at="2024-01-01T10:21:24 IST" name="Loan Department" finished-at="2024-01-01T10:21:24 IST" duration-ms="583">
    <groups>
      <group name="smoke">
        <method signature="day2.ploan()[pri:0, instance:test.day2@1ed4ae0f]" name="ploan" class="test.day2"/>
        <method signature="day4.MobileLoginHomeLoan()[pri:0, instance:test.day4@54c5a2ff]" name="MobileLoginHomeLoan" class="test.day4"/>
        <method signature="day3.MobileLoginCarLoan()[pri:0, instance:test.day3@268f106e]" name="MobileLoginCarLoan" class="test.day3"/>
      </group> <!-- smoke -->
    </groups>
    <test started-at="2024-01-01T10:21:24 IST" name="Personal Loan" finished-at="2024-01-01T10:21:24 IST" duration-ms="204">
      <class name="test.day4">
        <test-method signature="LoginAPIHomeLoan()[pri:0, instance:test.day4@54c5a2ff]" started-at="2024-01-01T10:21:24 IST" name="LoginAPIHomeLoan" finished-at="2024-01-01T10:21:24 IST" duration-ms="9" status="PASS">
          <reporter-output>
          </reporter-output>
        </test-method> <!-- LoginAPIHomeLoan -->
        <test-method signature="MobileLoginHomeLoan()[pri:0, instance:test.day4@54c5a2ff]" started-at="2024-01-01T10:21:24 IST" name="MobileLoginHomeLoan" finished-at="2024-01-01T10:21:24 IST" duration-ms="13" status="PASS">
          <reporter-output>
          </reporter-output>
        </test-method> <!-- MobileLoginHomeLoan -->
        <test-method signature="WebLoginHomeLoan(java.lang.String)[pri:0, instance:test.day4@54c5a2ff]" started-at="2024-01-01T10:21:24 IST" name="WebLoginHomeLoan" finished-at="2024-01-01T10:21:24 IST" duration-ms="2" status="PASS">
          <params>
            <param index="0">
              <value>
                <![CDATA[personaloan.com]]>
              </value>
            </param>
          </params>
          <reporter-output>
          </reporter-output>
        </test-method> <!-- WebLoginHomeLoan -->
      </class> <!-- test.day4 -->
      <class name="test.day2">
        <test-method is-config="true" signature="prerequisite()[pri:0, instance:test.day2@1ed4ae0f]" started-at="2024-01-01T10:21:24 IST" name="prerequisite" finished-at="2024-01-01T10:21:24 IST" duration-ms="0" status="PASS">
          <reporter-output>
          </reporter-output>
        </test-method> <!-- prerequisite -->
        <test-method signature="ploan()[pri:0, instance:test.day2@1ed4ae0f]" started-at="2024-01-01T10:21:24 IST" name="ploan" finished-at="2024-01-01T10:21:24 IST" duration-ms="4" status="PASS">
          <reporter-output>
          </reporter-output>
        </test-method> <!-- ploan -->
      </class> <!-- test.day2 -->
      <class name="test.day1">
        <test-method signature="Demo()[pri:0, instance:test.day1@298a5e20]" started-at="2024-01-01T10:21:24 IST" name="Demo" finished-at="2024-01-01T10:21:24 IST" duration-ms="16" status="PASS">
          <reporter-output>
          </reporter-output>
        </test-method> <!-- Demo -->
        <test-method is-config="true" signature="lastexecution()[pri:0, instance:test.day1@298a5e20]" started-at="2024-01-01T10:21:24 IST" name="lastexecution" finished-at="2024-01-01T10:21:24 IST" duration-ms="2" status="PASS">
          <reporter-output>
          </reporter-output>
        </test-method> <!-- lastexecution -->
      </class> <!-- test.day1 -->
    </test> <!-- Personal Loan -->
    <test started-at="2024-01-01T10:21:24 IST" name="Car Loan" finished-at="2024-01-01T10:21:24 IST" duration-ms="204">
      <class name="test.day3">
        <test-method is-config="true" signature="BeforSuite()[pri:0, instance:test.day3@268f106e]" started-at="2024-01-01T10:21:24 IST" name="BeforSuite" finished-at="2024-01-01T10:21:24 IST" duration-ms="38" status="PASS">
          <reporter-output>
          </reporter-output>
        </test-method> <!-- BeforSuite -->
        <test-method is-config="true" signature="beforeClass()[pri:0, instance:test.day3@268f106e]" started-at="2024-01-01T10:21:24 IST" name="beforeClass" finished-at="2024-01-01T10:21:24 IST" duration-ms="3" status="PASS">
          <reporter-output>
          </reporter-output>
        </test-method> <!-- beforeClass -->
        <test-method is-config="true" signature="beforeEveryMethod()[pri:0, instance:test.day3@268f106e]" started-at="2024-01-01T10:21:24 IST" name="beforeEveryMethod" finished-at="2024-01-01T10:21:24 IST" duration-ms="13" status="PASS">
          <reporter-output>
          </reporter-output>
        </test-method> <!-- beforeEveryMethod -->
        <test-method signature="MobileLoginCarLoan()[pri:0, instance:test.day3@268f106e]" started-at="2024-01-01T10:21:24 IST" name="MobileLoginCarLoan" finished-at="2024-01-01T10:21:24 IST" duration-ms="5" status="PASS">
          <reporter-output>
          </reporter-output>
        </test-method> <!-- MobileLoginCarLoan -->
        <test-method is-config="true" signature="aftereveryMethod()[pri:0, instance:test.day3@268f106e]" started-at="2024-01-01T10:21:24 IST" name="aftereveryMethod" finished-at="2024-01-01T10:21:24 IST" duration-ms="6" status="PASS">
          <reporter-output>
          </reporter-output>
        </test-method> <!-- aftereveryMethod -->
        <test-method signature="MobileSignoutCarLoan(java.lang.String,java.lang.String)[pri:0, instance:test.day3@268f106e]" started-at="2024-01-01T10:21:24 IST" name="MobileSignoutCarLoan" data-provider="getData" finished-at="2024-01-01T10:21:24 IST" duration-ms="13" status="PASS">
          <params>
            <param index="0">
              <value>
                <![CDATA[firstsetusername]]>
              </value>
            </param>
            <param index="1">
              <value>
                <![CDATA[firstpassword]]>
              </value>
            </param>
          </params>
          <reporter-output>
          </reporter-output>
        </test-method> <!-- MobileSignoutCarLoan -->
        <test-method is-config="true" signature="beforeEveryMethod()[pri:0, instance:test.day3@268f106e]" started-at="2024-01-01T10:21:24 IST" name="beforeEveryMethod" finished-at="2024-01-01T10:21:24 IST" duration-ms="0" status="PASS">
          <reporter-output>
          </reporter-output>
        </test-method> <!-- beforeEveryMethod -->
        <test-method is-config="true" signature="aftereveryMethod()[pri:0, instance:test.day3@268f106e]" started-at="2024-01-01T10:21:24 IST" name="aftereveryMethod" finished-at="2024-01-01T10:21:24 IST" duration-ms="0" status="PASS">
          <reporter-output>
          </reporter-output>
        </test-method> <!-- aftereveryMethod -->
        <test-method is-config="true" signature="beforeEveryMethod()[pri:0, instance:test.day3@268f106e]" started-at="2024-01-01T10:21:24 IST" name="beforeEveryMethod" finished-at="2024-01-01T10:21:24 IST" duration-ms="11" status="PASS">
          <reporter-output>
          </reporter-output>
        </test-method> <!-- beforeEveryMethod -->
        <test-method signature="MobileSignoutCarLoan(java.lang.String,java.lang.String)[pri:0, instance:test.day3@268f106e]" started-at="2024-01-01T10:21:24 IST" name="MobileSignoutCarLoan" data-provider="getData" finished-at="2024-01-01T10:21:24 IST" duration-ms="13" status="PASS">
          <params>
            <param index="0">
              <value>
                <![CDATA[secondsetusername]]>
              </value>
            </param>
            <param index="1">
              <value>
                <![CDATA[secondpassword]]>
              </value>
            </param>
          </params>
          <reporter-output>
          </reporter-output>
        </test-method> <!-- MobileSignoutCarLoan -->
        <test-method is-config="true" signature="aftereveryMethod()[pri:0, instance:test.day3@268f106e]" started-at="2024-01-01T10:21:24 IST" name="aftereveryMethod" finished-at="2024-01-01T10:21:24 IST" duration-ms="1" status="PASS">
          <reporter-output>
          </reporter-output>
        </test-method> <!-- aftereveryMethod -->
        <test-method is-config="true" signature="beforeEveryMethod()[pri:0, instance:test.day3@268f106e]" started-at="2024-01-01T10:21:24 IST" name="beforeEveryMethod" finished-at="2024-01-01T10:21:24 IST" duration-ms="16" status="PASS">
          <reporter-output>
          </reporter-output>
        </test-method> <!-- beforeEveryMethod -->
        <test-method signature="MobileSignoutCarLoan(java.lang.String,java.lang.String)[pri:0, instance:test.day3@268f106e]" started-at="2024-01-01T10:21:24 IST" name="MobileSignoutCarLoan" data-provider="getData" finished-at="2024-01-01T10:21:24 IST" duration-ms="12" status="PASS">
          <params>
            <param index="0">
              <value>
                <![CDATA[thirdsetusername]]>
              </value>
            </param>
            <param index="1">
              <value>
                <![CDATA[thirdpassword]]>
              </value>
            </param>
          </params>
          <reporter-output>
          </reporter-output>
        </test-method> <!-- MobileSignoutCarLoan -->
        <test-method is-config="true" signature="aftereveryMethod()[pri:0, instance:test.day3@268f106e]" started-at="2024-01-01T10:21:24 IST" name="aftereveryMethod" finished-at="2024-01-01T10:21:24 IST" duration-ms="10" status="PASS">
          <reporter-output>
          </reporter-output>
        </test-method> <!-- aftereveryMethod -->
        <test-method is-config="true" signature="beforeEveryMethod()[pri:0, instance:test.day3@268f106e]" started-at="2024-01-01T10:21:24 IST" name="beforeEveryMethod" finished-at="2024-01-01T10:21:24 IST" duration-ms="1" status="PASS">
          <reporter-output>
          </reporter-output>
        </test-method> <!-- beforeEveryMethod -->
        <test-method signature="WebLoginCarLoan(java.lang.String,java.lang.String)[pri:0, instance:test.day3@268f106e]" started-at="2024-01-01T10:21:24 IST" name="WebLoginCarLoan" finished-at="2024-01-01T10:21:24 IST" duration-ms="2" status="PASS">
          <params>
            <param index="0">
              <value>
                <![CDATA[qaclickacademy.com]]>
              </value>
            </param>
            <param index="1">
              <value>
                <![CDATA[123456]]>
              </value>
            </param>
          </params>
          <reporter-output>
          </reporter-output>
        </test-method> <!-- WebLoginCarLoan -->
        <test-method is-config="true" signature="aftereveryMethod()[pri:0, instance:test.day3@268f106e]" started-at="2024-01-01T10:21:24 IST" name="aftereveryMethod" finished-at="2024-01-01T10:21:24 IST" duration-ms="1" status="PASS">
          <reporter-output>
          </reporter-output>
        </test-method> <!-- aftereveryMethod -->
        <test-method is-config="true" signature="afterClass()[pri:0, instance:test.day3@268f106e]" started-at="2024-01-01T10:21:24 IST" name="afterClass" finished-at="2024-01-01T10:21:24 IST" duration-ms="1" status="PASS">
          <reporter-output>
          </reporter-output>
        </test-method> <!-- afterClass -->
      </class> <!-- test.day3 -->
      <class name="test.day1">
        <test-method is-config="true" signature="AfteSuite()[pri:0, instance:test.day1@298a5e20]" started-at="2024-01-01T10:21:24 IST" name="AfteSuite" finished-at="2024-01-01T10:21:24 IST" duration-ms="2" status="PASS">
          <reporter-output>
          </reporter-output>
        </test-method> <!-- AfteSuite -->
      </class> <!-- test.day1 -->
    </test> <!-- Car Loan -->
  </suite> <!-- Loan Department -->
</testng-results>
