<?xml version="1.0" encoding="UTF-8"?>
<!-- Generated by org.testng.reporters.JUnitXMLReporter -->
<testsuite ignored="1" hostname="ARPITA" failures="0" tests="4" name="Default test" time="0.12" errors="0" timestamp="2023-12-28T00:09:29 IST">
  <testcase classname="test.day3" name="MobileSignoutCarLoan" time="0.016"/>
  <testcase classname="test.day3" name="WebLoginCarLoan" time="0.009"/>
  <testcase classname="test.day3" name="MobileLoginCarLoan" time="0.003"/>
  <testcase classname="test.day3" name="APICarLoan" time="0.003"/>
  <testcase classname="test.day3" name="MobileSigninCarLoan" time="0.0">
    <ignored/>
  </testcase> <!-- MobileSigninCarLoan -->
</testsuite> <!-- Default test -->
