<?xml version="1.0" encoding="UTF-8"?>
<!-- Generated by org.testng.reporters.JUnitXMLReporter -->
<testsuite ignored="2" hostname="ARPITA" failures="0" tests="5" name="Car Loan" time="0.204" errors="0" timestamp="2024-01-01T10:21:24 IST">
  <testcase classname="test.day3" name="MobileLoginCarLoan" time="0.005"/>
  <testcase classname="test.day3" name="MobileSignoutCarLoan" time="0.013"/>
  <testcase classname="test.day3" name="MobileSignoutCarLoan" time="0.013"/>
  <testcase classname="test.day3" name="MobileSignoutCarLoan" time="0.012"/>
  <testcase classname="test.day3" name="WebLoginCarLoan" time="0.002"/>
  <testcase classname="test.day3" name="APICarLoan" time="0.0">
    <ignored/>
  </testcase> <!-- APICarLoan -->
  <testcase classname="test.day3" name="MobileSigninCarLoan" time="0.0">
    <ignored/>
  </testcase> <!-- MobileSigninCarLoan -->
</testsuite> <!-- Car Loan -->
