<?xml version="1.0" encoding="UTF-8"?>
<!-- Generated by org.testng.reporters.JUnitXMLReporter -->
<testsuite ignored="1" hostname="ARPITA" failures="0" tests="5" name="Personal Loan" time="0.109" errors="0" timestamp="2023-12-27T22:24:49 IST">
  <testcase classname="test.day1" name="Demo" time="0.008"/>
  <testcase classname="test.day2" name="ploan" time="0.005"/>
  <testcase classname="test.day4" name="LoginAPIHomeLoan" time="0.002"/>
  <testcase classname="test.day4" name="MobileLoginHomeLoan" time="0.004"/>
  <testcase classname="test.day4" name="WebLoginHomeLoan" time="0.004"/>
  <testcase classname="test.day1" name="SecondTest" time="0.0">
    <ignored/>
  </testcase> <!-- SecondTest -->
</testsuite> <!-- Personal Loan -->
