<?xml version="1.0" encoding="UTF-8"?>
<!-- Generated by org.testng.reporters.JUnitXMLReporter -->
<testsuite ignored="3" hostname="ARPITA" failures="0" tests="8" name="Smoke" time="0.181" errors="0" timestamp="2023-12-27T23:48:26 IST">
  <testcase classname="test.day1" name="Demo" time="0.009"/>
  <testcase classname="test.day1" name="SecondTest" time="0.008"/>
  <testcase classname="test.day3" name="APICarLoan" time="0.002"/>
  <testcase classname="test.day3" name="MobileSigninCarLoan" time="0.01"/>
  <testcase classname="test.day3" name="MobileSignoutCarLoan" time="0.003"/>
  <testcase classname="test.day3" name="WebLoginCarLoan" time="0.003"/>
  <testcase classname="test.day4" name="LoginAPIHomeLoan" time="0.003"/>
  <testcase classname="test.day4" name="WebLoginHomeLoan" time="0.002"/>
  <testcase classname="test.day3" name="MobileLoginCarLoan" time="0.0">
    <ignored/>
  </testcase> <!-- MobileLoginCarLoan -->
  <testcase classname="test.day2" name="ploan" time="0.0">
    <ignored/>
  </testcase> <!-- ploan -->
  <testcase classname="test.day4" name="MobileLoginHomeLoan" time="0.0">
    <ignored/>
  </testcase> <!-- MobileLoginHomeLoan -->
</testsuite> <!-- Smoke -->
